<?xml version="1.0" encoding="UTF-8"?>
<testng-results ignored="0" total="3" passed="3" failed="0" skipped="0">
  <reporter-output>
  </reporter-output>
  <suite started-at="2024-02-20T13:37:34 IST" name="Default suite" finished-at="2024-02-20T13:38:07 IST" duration-ms="33430">
    <groups>
    </groups>
    <test started-at="2024-02-20T13:37:34 IST" name="Default test" finished-at="2024-02-20T13:38:07 IST" duration-ms="33430">
      <class name="Test.Yatraapp">
        <test-method is-config="true" signature="setup()[pri:0, instance:Test.Yatraapp@313ac989]" started-at="2024-02-20T13:37:34 IST" name="setup" finished-at="2024-02-20T13:37:37 IST" duration-ms="3400" status="PASS">
          <reporter-output>
          </reporter-output>
        </test-method> <!-- setup -->
        <test-method is-config="true" signature="url()[pri:0, instance:Test.Yatraapp@313ac989]" started-at="2024-02-20T13:37:37 IST" name="url" finished-at="2024-02-20T13:37:50 IST" duration-ms="12564" status="PASS">
          <reporter-output>
          </reporter-output>
        </test-method> <!-- url -->
        <test-method signature="scrensht()[pri:0, instance:Test.Yatraapp@313ac989]" started-at="2024-02-20T13:37:50 IST" name="scrensht" finished-at="2024-02-20T13:37:50 IST" duration-ms="349" status="PASS">
          <reporter-output>
          </reporter-output>
        </test-method> <!-- scrensht -->
        <test-method is-config="true" signature="url()[pri:0, instance:Test.Yatraapp@313ac989]" started-at="2024-02-20T13:37:50 IST" name="url" finished-at="2024-02-20T13:37:52 IST" duration-ms="2443" status="PASS">
          <reporter-output>
          </reporter-output>
        </test-method> <!-- url -->
        <test-method signature="test()[pri:0, instance:Test.Yatraapp@313ac989]" started-at="2024-02-20T13:37:52 IST" name="test" finished-at="2024-02-20T13:37:58 IST" duration-ms="5809" status="PASS">
          <reporter-output>
          </reporter-output>
        </test-method> <!-- test -->
        <test-method is-config="true" signature="url()[pri:0, instance:Test.Yatraapp@313ac989]" started-at="2024-02-20T13:37:58 IST" name="url" finished-at="2024-02-20T13:37:59 IST" duration-ms="1053" status="PASS">
          <reporter-output>
          </reporter-output>
        </test-method> <!-- url -->
        <test-method signature="test2()[pri:0, instance:Test.Yatraapp@313ac989]" started-at="2024-02-20T13:37:59 IST" name="test2" finished-at="2024-02-20T13:38:07 IST" duration-ms="7735" status="PASS">
          <reporter-output>
          </reporter-output>
        </test-method> <!-- test2 -->
      </class> <!-- Test.Yatraapp -->
    </test> <!-- Default test -->
  </suite> <!-- Default suite -->
</testng-results>
